app/build/intermediates/manifest_merge_blame_file/debug/manifest-merger-blame-debug-report.txt
1<?xml version="1.0" encoding="utf-8"?>
2<manifest xmlns:android="http://schemas.android.com/apk/res/android"
3    package="extrace.ui.main"
4    android:versionCode="1"
5    android:versionName="1.0" >
6
7    <uses-sdk
8        android:minSdkVersion="15"
8-->src\main\AndroidManifest.xml
9        android:targetSdkVersion="26" />
9-->src\main\AndroidManifest.xml
10
11    <uses-permission android:name="android.permission.INTERNET" />
11-->src\main\AndroidManifest.xml:7:5-67
11-->src\main\AndroidManifest.xml:7:22-64
12    <uses-permission android:name="android.permission.CAMERA" />
12-->src\main\AndroidManifest.xml:8:5-65
12-->src\main\AndroidManifest.xml:8:22-62
13    <uses-permission android:name="android.permission.VIBRATE" />
13-->src\main\AndroidManifest.xml:9:5-66
13-->src\main\AndroidManifest.xml:9:22-63
14    <uses-permission android:name="android.permission.FLASHLIGHT" />
14-->src\main\AndroidManifest.xml:10:5-69
14-->src\main\AndroidManifest.xml:10:22-66
15    <uses-permission android:name="android.permission.READ_CONTACTS" />
15-->src\main\AndroidManifest.xml:11:5-72
15-->src\main\AndroidManifest.xml:11:22-69
16
17    <application
17-->src\main\AndroidManifest.xml:13:5-71:19
18        android:name="extrace.ui.main.ExTraceApplication"
18-->src\main\AndroidManifest.xml:14:9-58
19        android:allowBackup="true"
19-->src\main\AndroidManifest.xml:15:9-35
20        android:debuggable="true"
21        android:icon="@drawable/ic_launcher"
21-->src\main\AndroidManifest.xml:16:9-45
22        android:label="@string/app_name"
22-->src\main\AndroidManifest.xml:17:9-41
23        android:testOnly="true"
24        android:theme="@style/AppTheme" >
24-->src\main\AndroidManifest.xml:18:9-40
25        <activity
25-->src\main\AndroidManifest.xml:19:9-27:20
26            android:name="extrace.ui.main.MainActivity"
26-->src\main\AndroidManifest.xml:20:13-56
27            android:label="@string/app_name" >
27-->src\main\AndroidManifest.xml:21:13-45
28            <intent-filter>
28-->src\main\AndroidManifest.xml:22:13-26:29
29                <action android:name="android.intent.action.MAIN" />
29-->src\main\AndroidManifest.xml:23:17-69
29-->src\main\AndroidManifest.xml:23:25-66
30
31                <category android:name="android.intent.category.LAUNCHER" />
31-->src\main\AndroidManifest.xml:25:17-77
31-->src\main\AndroidManifest.xml:25:27-74
32            </intent-filter>
33        </activity>
34        <activity
34-->src\main\AndroidManifest.xml:28:9-34:20
35            android:name="extrace.ui.misc.CustomerListActivity"
35-->src\main\AndroidManifest.xml:29:13-64
36            android:label="@string/title_activity_customer_list" >
36-->src\main\AndroidManifest.xml:30:13-65
37            <intent-filter>
37-->src\main\AndroidManifest.xml:31:13-33:29
38                <action android:name="android.intent.action.MAIN" />
38-->src\main\AndroidManifest.xml:23:17-69
38-->src\main\AndroidManifest.xml:23:25-66
39            </intent-filter>
40        </activity>
41        <activity
41-->src\main\AndroidManifest.xml:35:9-46:20
42            android:name="extrace.ui.misc.CustomerEditActivity"
42-->src\main\AndroidManifest.xml:36:13-64
43            android:label="@string/title_activity_customer_edit" >
43-->src\main\AndroidManifest.xml:37:13-65
44            <intent-filter>
44-->src\main\AndroidManifest.xml:31:13-33:29
45                <action android:name="android.intent.action.MAIN" />
45-->src\main\AndroidManifest.xml:23:17-69
45-->src\main\AndroidManifest.xml:23:25-66
46                <!-- category android:name="android.intent.category.LAUNCHER" / -->
47            </intent-filter>
48
49            <meta-data
49-->src\main\AndroidManifest.xml:43:13-45:72
50                android:name="android.support.PARENT_ACTIVITY"
50-->src\main\AndroidManifest.xml:44:17-63
51                android:value="extrace.ui.misc.CustomerListActivity" />
51-->src\main\AndroidManifest.xml:45:17-69
52        </activity>
53        <activity
53-->src\main\AndroidManifest.xml:47:9-54:20
54            android:name="extrace.ui.misc.RegionListActivity"
54-->src\main\AndroidManifest.xml:48:13-62
55            android:label="@string/title_activity_region_list" >
55-->src\main\AndroidManifest.xml:49:13-63
56            <intent-filter>
56-->src\main\AndroidManifest.xml:31:13-33:29
57                <action android:name="android.intent.action.MAIN" />
57-->src\main\AndroidManifest.xml:23:17-69
57-->src\main\AndroidManifest.xml:23:25-66
58                <!-- category android:name="android.intent.category.LAUNCHER" / -->
59            </intent-filter>
60        </activity>
61        <activity
61-->src\main\AndroidManifest.xml:55:9-62:20
62            android:name="zxing.util.CaptureActivity"
62-->src\main\AndroidManifest.xml:56:13-54
63            android:label="@string/app_name"
63-->src\main\AndroidManifest.xml:57:13-45
64            android:screenOrientation="portrait" >
64-->src\main\AndroidManifest.xml:58:13-49
65            <intent-filter>
65-->src\main\AndroidManifest.xml:31:13-33:29
66                <action android:name="android.intent.action.MAIN" />
66-->src\main\AndroidManifest.xml:23:17-69
66-->src\main\AndroidManifest.xml:23:25-66
67            </intent-filter>
68        </activity>
69        <activity
69-->src\main\AndroidManifest.xml:63:9-66:20
70            android:name="extrace.ui.domain.ExpressEditActivity"
70-->src\main\AndroidManifest.xml:64:13-65
71            android:label="@string/title_activity_express_edit" >
71-->src\main\AndroidManifest.xml:65:13-64
72        </activity>
73        <activity
73-->src\main\AndroidManifest.xml:67:9-70:20
74            android:name="extrace.ui.main.SettingsActivity"
74-->src\main\AndroidManifest.xml:68:13-60
75            android:label="@string/title_activity_settings" >
75-->src\main\AndroidManifest.xml:69:13-60
76        </activity>
77
78        <meta-data
78-->[com.android.support:appcompat-v7:26.1.0] AndroidManifest.xml:26:9-28:38
79            android:name="android.support.VERSION"
79-->[com.android.support:appcompat-v7:26.1.0] AndroidManifest.xml:27:13-51
80            android:value="26.1.0" />
80-->[com.android.support:appcompat-v7:26.1.0] AndroidManifest.xml:28:13-35
81        <meta-data
81-->[android.arch.lifecycle:runtime:1.0.0] AndroidManifest.xml:25:9-27:47
82            android:name="android.arch.lifecycle.VERSION"
82-->[android.arch.lifecycle:runtime:1.0.0] AndroidManifest.xml:26:13-58
83            android:value="27.0.0-SNAPSHOT" />
83-->[android.arch.lifecycle:runtime:1.0.0] AndroidManifest.xml:27:13-44
84    </application>
85
86</manifest>